[debug] [2024-10-26T02:55:19.912Z] ----------------------------------------------------------------------
[debug] [2024-10-26T02:55:19.915Z] Command:       C:\Program Files\nodejs\node.exe C:\Users\HP\AppData\Roaming\npm\node_modules\firebase-tools\lib\bin\firebase.js emulators:start --only functions
[debug] [2024-10-26T02:55:19.916Z] CLI Version:   13.22.1
[debug] [2024-10-26T02:55:19.916Z] Platform:      win32
[debug] [2024-10-26T02:55:19.916Z] Node Version:  v20.16.0
[debug] [2024-10-26T02:55:19.916Z] Time:          Sat Oct 26 2024 05:55:19 GMT+0300 (East Africa Time)
[debug] [2024-10-26T02:55:19.916Z] ----------------------------------------------------------------------
[debug] 
[debug] [2024-10-26T02:55:19.921Z] >>> [apiv2][query] GET https://firebase-public.firebaseio.com/cli.json [none]
[debug] [2024-10-26T02:55:20.112Z] > command requires scopes: ["email","openid","https://www.googleapis.com/auth/cloudplatformprojects.readonly","https://www.googleapis.com/auth/firebase","https://www.googleapis.com/auth/cloud-platform"]
[debug] [2024-10-26T02:55:20.113Z] > authorizing via signed-in user (semiraalewii@gmail.com)
[info] i  emulators: Starting emulators: functions {"metadata":{"emulator":{"name":"hub"},"message":"Starting emulators: functions"}}
[debug] [2024-10-26T02:55:20.132Z] [logging] Logging Emulator only supports listening on one address (127.0.0.1). Not listening on ::1
[debug] [2024-10-26T02:55:20.133Z] assigned listening specs for emulators {"user":{"hub":[{"address":"127.0.0.1","family":"IPv4","port":4400},{"address":"::1","family":"IPv6","port":4400}],"ui":[{"address":"127.0.0.1","family":"IPv4","port":4000},{"address":"::1","family":"IPv6","port":4000}],"logging":[{"address":"127.0.0.1","family":"IPv4","port":4500}]},"metadata":{"message":"assigned listening specs for emulators"}}
[debug] [2024-10-26T02:55:20.142Z] [hub] writing locator at C:\Users\HP\AppData\Local\Temp\hub-clone-2024-d9b68.json
[debug] [2024-10-26T02:55:20.187Z] [functions] Functions Emulator only supports listening on one address (127.0.0.1). Not listening on ::1
[debug] [2024-10-26T02:55:20.188Z] [eventarc] Eventarc Emulator only supports listening on one address (127.0.0.1). Not listening on ::1
[debug] [2024-10-26T02:55:20.188Z] [tasks] Cloud Tasks Emulator only supports listening on one address (127.0.0.1). Not listening on ::1
[debug] [2024-10-26T02:55:20.188Z] late-assigned ports for functions and eventarc emulators {"user":{"hub":[{"address":"127.0.0.1","family":"IPv4","port":4400},{"address":"::1","family":"IPv6","port":4400}],"ui":[{"address":"127.0.0.1","family":"IPv4","port":4000},{"address":"::1","family":"IPv6","port":4000}],"logging":[{"address":"127.0.0.1","family":"IPv4","port":4500}],"functions":[{"address":"127.0.0.1","family":"IPv4","port":5001}],"eventarc":[{"address":"127.0.0.1","family":"IPv4","port":9299}],"tasks":[{"address":"127.0.0.1","family":"IPv4","port":9499}]},"metadata":{"message":"late-assigned ports for functions and eventarc emulators"}}
[warn] !  functions: The following emulators are not running, calls to these services from the Functions emulator will affect production: auth, firestore, database, hosting, pubsub, storage, dataconnect {"metadata":{"emulator":{"name":"functions"},"message":"The following emulators are not running, calls to these services from the Functions emulator will affect production: \u001b[1mauth, firestore, database, hosting, pubsub, storage, dataconnect\u001b[22m"}}
[debug] [2024-10-26T02:55:20.193Z] defaultcredentials: writing to file C:\Users\HP\AppData\Roaming\firebase\semiraalewii_gmail_com_application_default_credentials.json
[debug] [2024-10-26T02:55:20.196Z] Setting GAC to C:\Users\HP\AppData\Roaming\firebase\semiraalewii_gmail_com_application_default_credentials.json {"metadata":{"emulator":{"name":"functions"},"message":"Setting GAC to C:\\Users\\HP\\AppData\\Roaming\\firebase\\semiraalewii_gmail_com_application_default_credentials.json"}}
[debug] [2024-10-26T02:55:20.199Z] Checked if tokens are valid: false, expires at: 1729775123541
[debug] [2024-10-26T02:55:20.199Z] Checked if tokens are valid: false, expires at: 1729775123541
[debug] [2024-10-26T02:55:20.200Z] > refreshing access token with scopes: []
[debug] [2024-10-26T02:55:20.201Z] >>> [apiv2][query] POST https://www.googleapis.com/oauth2/v3/token [none]
[debug] [2024-10-26T02:55:20.201Z] >>> [apiv2][body] POST https://www.googleapis.com/oauth2/v3/token [omitted]
[debug] [2024-10-26T02:55:20.642Z] <<< [apiv2][status] POST https://www.googleapis.com/oauth2/v3/token 200
[debug] [2024-10-26T02:55:20.642Z] <<< [apiv2][body] POST https://www.googleapis.com/oauth2/v3/token [omitted]
[debug] [2024-10-26T02:55:20.664Z] >>> [apiv2][query] GET https://firebase.googleapis.com/v1beta1/projects/clone-2024-d9b68/adminSdkConfig [none]
[debug] [2024-10-26T02:55:20.793Z] <<< [apiv2][status] GET https://firebase-public.firebaseio.com/cli.json 200
[debug] [2024-10-26T02:55:20.793Z] <<< [apiv2][body] GET https://firebase-public.firebaseio.com/cli.json {"cloudBuildErrorAfter":1594252800000,"cloudBuildWarnAfter":1590019200000,"defaultNode10After":1594252800000,"minVersion":"3.0.5","node8DeploysDisabledAfter":1613390400000,"node8RuntimeDisabledAfter":1615809600000,"node8WarnAfter":1600128000000}
[debug] [2024-10-26T02:55:21.336Z] <<< [apiv2][status] GET https://firebase.googleapis.com/v1beta1/projects/clone-2024-d9b68/adminSdkConfig 200
[debug] [2024-10-26T02:55:21.337Z] <<< [apiv2][body] GET https://firebase.googleapis.com/v1beta1/projects/clone-2024-d9b68/adminSdkConfig {"projectId":"clone-2024-d9b68","storageBucket":"clone-2024-d9b68.appspot.com"}
[debug] [2024-10-26T02:55:21.385Z] Ignoring unsupported arg: auto_download {"metadata":{"emulator":{"name":"ui"},"message":"Ignoring unsupported arg: auto_download"}}
[debug] [2024-10-26T02:55:21.386Z] Ignoring unsupported arg: port {"metadata":{"emulator":{"name":"ui"},"message":"Ignoring unsupported arg: port"}}
[debug] [2024-10-26T02:55:21.387Z] Starting Emulator UI with command {"binary":"node","args":["C:\\Users\\HP\\.cache\\firebase\\emulators\\ui-v1.14.0\\server\\server.mjs"],"optionalArgs":[],"joinArgs":false,"shell":false,"port":4000} {"metadata":{"emulator":{"name":"ui"},"message":"Starting Emulator UI with command {\"binary\":\"node\",\"args\":[\"C:\\\\Users\\\\HP\\\\.cache\\\\firebase\\\\emulators\\\\ui-v1.14.0\\\\server\\\\server.mjs\"],\"optionalArgs\":[],\"joinArgs\":false,\"shell\":false,\"port\":4000}"}}
[info] i  ui: Emulator UI logging to ui-debug.log {"metadata":{"emulator":{"name":"ui"},"message":"Emulator UI logging to \u001b[1mui-debug.log\u001b[22m"}}
[debug] [2024-10-26T02:55:21.880Z] Web / API server started at 127.0.0.1:4000
 {"metadata":{"emulator":{"name":"ui"},"message":"Web / API server started at 127.0.0.1:4000\n"}}
[debug] [2024-10-26T02:55:21.883Z] Web / API server started at ::1:4000
 {"metadata":{"emulator":{"name":"ui"},"message":"Web / API server started at ::1:4000\n"}}
[info] i  functions: Watching "C:\Users\HP\Desktop\evangadi\Phase 4(2)\Amazon-clne-2024\amazon-clone\functions" for Cloud Functions... {"metadata":{"emulator":{"name":"functions"},"message":"Watching \"C:\\Users\\HP\\Desktop\\evangadi\\Phase 4(2)\\Amazon-clne-2024\\amazon-clone\\functions\" for Cloud Functions..."}}
[debug] [2024-10-26T02:55:22.063Z] Validating nodejs source
[debug] [2024-10-26T02:55:23.884Z] > [functions] package.json contents: {
  "name": "functions",
  "description": "Cloud Functions for Firebase",
  "scripts": {
    "serve": "firebase emulators:start --only functions",
    "shell": "firebase functions:shell",
    "start": "npm run shell",
    "deploy": "firebase deploy --only functions",
    "logs": "firebase functions:log"
  },
  "engines": {
    "node": "18"
  },
  "main": "index.js",
  "dependencies": {
    "cors": "^2.8.5",
    "dotenv": "^16.4.5",
    "express": "^4.21.1",
    "firebase-admin": "^12.6.0",
    "firebase-functions": "^6.0.1",
    "stripe": "^17.2.1"
  },
  "devDependencies": {
    "firebase-functions-test": "^3.1.0"
  },
  "private": true
}
[debug] [2024-10-26T02:55:23.885Z] Building nodejs source
[debug] [2024-10-26T02:55:23.886Z] Failed to find version of module node: reached end of search path C:\Users\HP\Desktop\evangadi\Phase 4(2)\Amazon-clne-2024\amazon-clone\functions\node_modules
[warn] !  functions: Your requested "node" version "18" doesn't match your global version "20". Using node@20 from host. 
[info] i  functions: Loaded environment variables from .env. 
[debug] [2024-10-26T02:55:23.891Z] Could not find functions.yaml. Must use http discovery
[debug] [2024-10-26T02:55:23.917Z] Found firebase-functions binary at 'C:\Users\HP\Desktop\evangadi\Phase 4(2)\Amazon-clne-2024\amazon-clone\functions\node_modules\.bin\firebase-functions'
[info] Serving at port 8557

[debug] [2024-10-26T02:55:25.350Z] Got response from /__/functions.yaml {"endpoints":{"api":{"availableMemoryMb":null,"timeoutSeconds":null,"minInstances":null,"maxInstances":null,"ingressSettings":null,"concurrency":null,"serviceAccountEmail":null,"vpc":null,"platform":"gcfv2","labels":{},"httpsTrigger":{},"entryPoint":"api"}},"specVersion":"v1alpha1","requiredAPIs":[],"extensions":{}}
[info] +  functions: Loaded functions definitions from source: api. {"metadata":{"emulator":{"name":"functions"},"message":"Loaded functions definitions from source: api."}}
[info] +  functions[us-central1-api]: http function initialized (http://127.0.0.1:5001/clone-2024-d9b68/us-central1/api). {"metadata":{"emulator":{"name":"functions"},"message":"\u001b[1mhttp\u001b[22m function initialized (http://127.0.0.1:5001/clone-2024-d9b68/us-central1/api)."}}
[debug] [2024-10-26T02:55:30.441Z] Could not find VSCode notification endpoint: FetchError: request to http://localhost:40001/vscode/notify failed, reason: . If you are not running the Firebase Data Connect VSCode extension, this is expected and not an issue.
[info] 
┌─────────────────────────────────────────────────────────────┐
│ ✔  All emulators ready! It is now safe to connect your app. │
│ i  View Emulator UI at http://127.0.0.1:4000/               │
└─────────────────────────────────────────────────────────────┘

┌───────────┬────────────────┬─────────────────────────────────┐
│ Emulator  │ Host:Port      │ View in Emulator UI             │
├───────────┼────────────────┼─────────────────────────────────┤
│ Functions │ 127.0.0.1:5001 │ http://127.0.0.1:4000/functions │
└───────────┴────────────────┴─────────────────────────────────┘
  Emulator Hub running at 127.0.0.1:4400
  Other reserved ports: 4500

Issues? Report them at https://github.com/firebase/firebase-tools/issues and attach the *-debug.log files.
 
[debug] [2024-10-26T03:02:58.164Z] [work-queue] {"queuedWork":["/clone-2024-d9b68/us-central1/api/payment/create-2024-10-26T03:02:58.163Z"],"queueLength":1,"runningWork":[],"workRunningCount":0}
[debug] [2024-10-26T03:02:58.166Z] [work-queue] {"queuedWork":[],"queueLength":0,"runningWork":["/clone-2024-d9b68/us-central1/api/payment/create-2024-10-26T03:02:58.163Z"],"workRunningCount":1}
[debug] [2024-10-26T03:02:58.168Z] Accepted request POST /clone-2024-d9b68/us-central1/api/payment/create?total=1599 --> us-central1-api
[debug] [2024-10-26T03:02:58.185Z] [functions] Runtime ready! Sending request! {"metadata":{"emulator":{"name":"functions"},"message":"[functions] Runtime ready! Sending request!"}}
[debug] [2024-10-26T03:02:58.189Z] [functions] Got req.url=/clone-2024-d9b68/us-central1/api/payment/create?total=1599, mapping to path=/payment/create?total=1599 {"metadata":{"emulator":{"name":"functions"},"message":"[functions] Got req.url=/clone-2024-d9b68/us-central1/api/payment/create?total=1599, mapping to path=/payment/create?total=1599"}}
[info] i  functions: Loaded environment variables from .env. 
[debug] [2024-10-26T03:02:58.239Z] [worker-pool] addWorker(us-central1-api) {"metadata":{"emulator":{"name":"functions"},"message":"[worker-pool] addWorker(us-central1-api)"}}
[debug] [2024-10-26T03:02:58.248Z] [worker-pool] Adding worker with key us-central1-api, total=1 {"metadata":{"emulator":{"name":"functions"},"message":"[worker-pool] Adding worker with key us-central1-api, total=1"}}
[debug] [2024-10-26T03:03:02.034Z] [runtime-status] [5092] Resolved module firebase-admin {"declared":true,"installed":true,"version":"12.6.0","resolution":"C:\\Users\\HP\\Desktop\\evangadi\\Phase 4(2)\\Amazon-clne-2024\\amazon-clone\\functions\\node_modules\\firebase-admin\\lib\\index.js"} {"metadata":{"emulator":{"name":"functions"},"function":{"name":"us-central1-api"},"extension":{},"message":"[runtime-status] [5092] Resolved module firebase-admin {\"declared\":true,\"installed\":true,\"version\":\"12.6.0\",\"resolution\":\"C:\\\\Users\\\\HP\\\\Desktop\\\\evangadi\\\\Phase 4(2)\\\\Amazon-clne-2024\\\\amazon-clone\\\\functions\\\\node_modules\\\\firebase-admin\\\\lib\\\\index.js\"}"}}
[debug] [2024-10-26T03:03:02.038Z] [runtime-status] [5092] Resolved module firebase-functions {"declared":true,"installed":true,"version":"6.1.0","resolution":"C:\\Users\\HP\\Desktop\\evangadi\\Phase 4(2)\\Amazon-clne-2024\\amazon-clone\\functions\\node_modules\\firebase-functions\\lib\\v2\\index.js"} {"metadata":{"emulator":{"name":"functions"},"function":{"name":"us-central1-api"},"extension":{},"message":"[runtime-status] [5092] Resolved module firebase-functions {\"declared\":true,\"installed\":true,\"version\":\"6.1.0\",\"resolution\":\"C:\\\\Users\\\\HP\\\\Desktop\\\\evangadi\\\\Phase 4(2)\\\\Amazon-clne-2024\\\\amazon-clone\\\\functions\\\\node_modules\\\\firebase-functions\\\\lib\\\\v2\\\\index.js\"}"}}
[debug] [2024-10-26T03:03:02.039Z] [runtime-status] [5092] Outgoing network have been stubbed. [{"name":"http","status":"mocked"},{"name":"http","status":"mocked"},{"name":"https","status":"mocked"},{"name":"https","status":"mocked"},{"name":"net","status":"mocked"}] {"metadata":{"emulator":{"name":"functions"},"function":{"name":"us-central1-api"},"extension":{},"message":"[runtime-status] [5092] Outgoing network have been stubbed. [{\"name\":\"http\",\"status\":\"mocked\"},{\"name\":\"http\",\"status\":\"mocked\"},{\"name\":\"https\",\"status\":\"mocked\"},{\"name\":\"https\",\"status\":\"mocked\"},{\"name\":\"net\",\"status\":\"mocked\"}]"}}
[debug] [2024-10-26T03:03:02.041Z] [runtime-status] [5092] Resolved module firebase-functions {"declared":true,"installed":true,"version":"6.1.0","resolution":"C:\\Users\\HP\\Desktop\\evangadi\\Phase 4(2)\\Amazon-clne-2024\\amazon-clone\\functions\\node_modules\\firebase-functions\\lib\\v2\\index.js"} {"metadata":{"emulator":{"name":"functions"},"function":{"name":"us-central1-api"},"extension":{},"message":"[runtime-status] [5092] Resolved module firebase-functions {\"declared\":true,\"installed\":true,\"version\":\"6.1.0\",\"resolution\":\"C:\\\\Users\\\\HP\\\\Desktop\\\\evangadi\\\\Phase 4(2)\\\\Amazon-clne-2024\\\\amazon-clone\\\\functions\\\\node_modules\\\\firebase-functions\\\\lib\\\\v2\\\\index.js\"}"}}
[debug] [2024-10-26T03:03:02.817Z] [runtime-status] [5092] Checked functions.config() {"config":{}} {"metadata":{"emulator":{"name":"functions"},"function":{"name":"us-central1-api"},"extension":{},"message":"[runtime-status] [5092] Checked functions.config() {\"config\":{}}"}}
[debug] [2024-10-26T03:03:02.818Z] [runtime-status] [5092] firebase-functions has been stubbed. {"functionsResolution":{"declared":true,"installed":true,"version":"6.1.0","resolution":"C:\\Users\\HP\\Desktop\\evangadi\\Phase 4(2)\\Amazon-clne-2024\\amazon-clone\\functions\\node_modules\\firebase-functions\\lib\\v2\\index.js"}} {"metadata":{"emulator":{"name":"functions"},"function":{"name":"us-central1-api"},"extension":{},"message":"[runtime-status] [5092] firebase-functions has been stubbed. {\"functionsResolution\":{\"declared\":true,\"installed\":true,\"version\":\"6.1.0\",\"resolution\":\"C:\\\\Users\\\\HP\\\\Desktop\\\\evangadi\\\\Phase 4(2)\\\\Amazon-clne-2024\\\\amazon-clone\\\\functions\\\\node_modules\\\\firebase-functions\\\\lib\\\\v2\\\\index.js\"}}"}}
[debug] [2024-10-26T03:03:02.819Z] [runtime-status] [5092] Resolved module firebase-functions {"declared":true,"installed":true,"version":"6.1.0","resolution":"C:\\Users\\HP\\Desktop\\evangadi\\Phase 4(2)\\Amazon-clne-2024\\amazon-clone\\functions\\node_modules\\firebase-functions\\lib\\v2\\index.js"} {"metadata":{"emulator":{"name":"functions"},"function":{"name":"us-central1-api"},"extension":{},"message":"[runtime-status] [5092] Resolved module firebase-functions {\"declared\":true,\"installed\":true,\"version\":\"6.1.0\",\"resolution\":\"C:\\\\Users\\\\HP\\\\Desktop\\\\evangadi\\\\Phase 4(2)\\\\Amazon-clne-2024\\\\amazon-clone\\\\functions\\\\node_modules\\\\firebase-functions\\\\lib\\\\v2\\\\index.js\"}"}}
[debug] [2024-10-26T03:03:02.831Z] [runtime-status] [5092] Resolved module firebase-admin {"declared":true,"installed":true,"version":"12.6.0","resolution":"C:\\Users\\HP\\Desktop\\evangadi\\Phase 4(2)\\Amazon-clne-2024\\amazon-clone\\functions\\node_modules\\firebase-admin\\lib\\index.js"} {"metadata":{"emulator":{"name":"functions"},"function":{"name":"us-central1-api"},"extension":{},"message":"[runtime-status] [5092] Resolved module firebase-admin {\"declared\":true,\"installed\":true,\"version\":\"12.6.0\",\"resolution\":\"C:\\\\Users\\\\HP\\\\Desktop\\\\evangadi\\\\Phase 4(2)\\\\Amazon-clne-2024\\\\amazon-clone\\\\functions\\\\node_modules\\\\firebase-admin\\\\lib\\\\index.js\"}"}}
[debug] [2024-10-26T03:03:02.838Z] [runtime-status] [5092] Resolved module firebase-functions {"declared":true,"installed":true,"version":"6.1.0","resolution":"C:\\Users\\HP\\Desktop\\evangadi\\Phase 4(2)\\Amazon-clne-2024\\amazon-clone\\functions\\node_modules\\firebase-functions\\lib\\v2\\index.js"} {"metadata":{"emulator":{"name":"functions"},"function":{"name":"us-central1-api"},"extension":{},"message":"[runtime-status] [5092] Resolved module firebase-functions {\"declared\":true,\"installed\":true,\"version\":\"6.1.0\",\"resolution\":\"C:\\\\Users\\\\HP\\\\Desktop\\\\evangadi\\\\Phase 4(2)\\\\Amazon-clne-2024\\\\amazon-clone\\\\functions\\\\node_modules\\\\firebase-functions\\\\lib\\\\v2\\\\index.js\"}"}}
[debug] [2024-10-26T03:03:02.839Z] [runtime-status] [5092] firebase-admin has been stubbed. {"adminResolution":{"declared":true,"installed":true,"version":"12.6.0","resolution":"C:\\Users\\HP\\Desktop\\evangadi\\Phase 4(2)\\Amazon-clne-2024\\amazon-clone\\functions\\node_modules\\firebase-admin\\lib\\index.js"}} {"metadata":{"emulator":{"name":"functions"},"function":{"name":"us-central1-api"},"extension":{},"message":"[runtime-status] [5092] firebase-admin has been stubbed. {\"adminResolution\":{\"declared\":true,\"installed\":true,\"version\":\"12.6.0\",\"resolution\":\"C:\\\\Users\\\\HP\\\\Desktop\\\\evangadi\\\\Phase 4(2)\\\\Amazon-clne-2024\\\\amazon-clone\\\\functions\\\\node_modules\\\\firebase-admin\\\\lib\\\\index.js\"}}"}}
[debug] [2024-10-26T03:03:03.282Z] [runtime-status] [5092] Functions runtime initialized. {"cwd":"C:\\Users\\HP\\Desktop\\evangadi\\Phase 4(2)\\Amazon-clne-2024\\amazon-clone\\functions","node_version":"20.16.0"} {"metadata":{"emulator":{"name":"functions"},"function":{"name":"us-central1-api"},"extension":{},"message":"[runtime-status] [5092] Functions runtime initialized. {\"cwd\":\"C:\\\\Users\\\\HP\\\\Desktop\\\\evangadi\\\\Phase 4(2)\\\\Amazon-clne-2024\\\\amazon-clone\\\\functions\",\"node_version\":\"20.16.0\"}"}}
[debug] [2024-10-26T03:03:03.283Z] [runtime-status] [5092] Listening to port: \\?\pipe\fire_emu_faaa1b9ba36599ed {"metadata":{"emulator":{"name":"functions"},"function":{"name":"us-central1-api"},"extension":{},"message":"[runtime-status] [5092] Listening to port: \\\\?\\pipe\\fire_emu_faaa1b9ba36599ed"}}
[debug] [2024-10-26T03:03:03.385Z] [worker-us-central1-api-5a3bbcd7-1436-4bbf-bf7b-306d403f4a79]: IDLE {"metadata":{"emulator":{"name":"functions"},"function":{"name":"us-central1-api"},"extension":{},"message":"[worker-us-central1-api-5a3bbcd7-1436-4bbf-bf7b-306d403f4a79]: IDLE"}}
[debug] [2024-10-26T03:03:03.386Z] [worker-pool] submitRequest(triggerId=us-central1-api) {"metadata":{"emulator":{"name":"functions"},"message":"[worker-pool] submitRequest(triggerId=us-central1-api)"}}
[info] i  functions: Beginning execution of "us-central1-api" {"metadata":{"emulator":{"name":"functions"},"function":{"name":"us-central1-api"},"extension":{},"message":"Beginning execution of \"us-central1-api\""}}
[debug] [2024-10-26T03:03:03.388Z] [worker-us-central1-api-5a3bbcd7-1436-4bbf-bf7b-306d403f4a79]: BUSY {"metadata":{"emulator":{"name":"functions"},"function":{"name":"us-central1-api"},"extension":{},"message":"[worker-us-central1-api-5a3bbcd7-1436-4bbf-bf7b-306d403f4a79]: BUSY"}}
[debug] [2024-10-26T03:03:05.483Z] Finishing up request with event=pause {"metadata":{"emulator":{"name":"functions"},"function":{"name":"us-central1-api"},"extension":{},"message":"Finishing up request with event=pause"}}
[info] i  functions: Finished "us-central1-api" in 2096.0262ms {"metadata":{"emulator":{"name":"functions"},"function":{"name":"us-central1-api"},"extension":{},"message":"Finished \"us-central1-api\" in 2096.0262ms"}}
[debug] [2024-10-26T03:03:05.486Z] [worker-us-central1-api-5a3bbcd7-1436-4bbf-bf7b-306d403f4a79]: IDLE {"metadata":{"emulator":{"name":"functions"},"function":{"name":"us-central1-api"},"extension":{},"message":"[worker-us-central1-api-5a3bbcd7-1436-4bbf-bf7b-306d403f4a79]: IDLE"}}
[debug] [2024-10-26T03:03:05.486Z] Finishing up request with event=finish {"metadata":{"emulator":{"name":"functions"},"function":{"name":"us-central1-api"},"extension":{},"message":"Finishing up request with event=finish"}}
[debug] [2024-10-26T03:03:05.487Z] Finishing up request with event=close {"metadata":{"emulator":{"name":"functions"},"function":{"name":"us-central1-api"},"extension":{},"message":"Finishing up request with event=close"}}
[debug] [2024-10-26T03:03:05.487Z] [work-queue] {"queuedWork":[],"queueLength":0,"runningWork":[],"workRunningCount":0}
[debug] [2024-10-26T03:19:52.975Z] [work-queue] {"queuedWork":["/clone-2024-d9b68/us-central1/api/payment/create-2024-10-26T03:19:52.975Z"],"queueLength":1,"runningWork":[],"workRunningCount":0}
[debug] [2024-10-26T03:19:52.976Z] [work-queue] {"queuedWork":[],"queueLength":0,"runningWork":["/clone-2024-d9b68/us-central1/api/payment/create-2024-10-26T03:19:52.975Z"],"workRunningCount":1}
[debug] [2024-10-26T03:19:52.977Z] Accepted request POST /clone-2024-d9b68/us-central1/api/payment/create?total=1599 --> us-central1-api
[debug] [2024-10-26T03:19:52.984Z] [functions] Runtime ready! Sending request! {"metadata":{"emulator":{"name":"functions"},"message":"[functions] Runtime ready! Sending request!"}}
[debug] [2024-10-26T03:19:52.985Z] [functions] Got req.url=/clone-2024-d9b68/us-central1/api/payment/create?total=1599, mapping to path=/payment/create?total=1599 {"metadata":{"emulator":{"name":"functions"},"message":"[functions] Got req.url=/clone-2024-d9b68/us-central1/api/payment/create?total=1599, mapping to path=/payment/create?total=1599"}}
[debug] [2024-10-26T03:19:52.985Z] [worker-pool] submitRequest(triggerId=us-central1-api) {"metadata":{"emulator":{"name":"functions"},"message":"[worker-pool] submitRequest(triggerId=us-central1-api)"}}
[info] i  functions: Beginning execution of "us-central1-api" {"metadata":{"emulator":{"name":"functions"},"function":{"name":"us-central1-api"},"extension":{},"message":"Beginning execution of \"us-central1-api\""}}
[debug] [2024-10-26T03:19:52.989Z] [worker-us-central1-api-5a3bbcd7-1436-4bbf-bf7b-306d403f4a79]: BUSY {"metadata":{"emulator":{"name":"functions"},"function":{"name":"us-central1-api"},"extension":{},"message":"[worker-us-central1-api-5a3bbcd7-1436-4bbf-bf7b-306d403f4a79]: BUSY"}}
[debug] [2024-10-26T03:19:53.795Z] Finishing up request with event=pause {"metadata":{"emulator":{"name":"functions"},"function":{"name":"us-central1-api"},"extension":{},"message":"Finishing up request with event=pause"}}
[info] i  functions: Finished "us-central1-api" in 805.6952ms {"metadata":{"emulator":{"name":"functions"},"function":{"name":"us-central1-api"},"extension":{},"message":"Finished \"us-central1-api\" in 805.6952ms"}}
[debug] [2024-10-26T03:19:53.797Z] [worker-us-central1-api-5a3bbcd7-1436-4bbf-bf7b-306d403f4a79]: IDLE {"metadata":{"emulator":{"name":"functions"},"function":{"name":"us-central1-api"},"extension":{},"message":"[worker-us-central1-api-5a3bbcd7-1436-4bbf-bf7b-306d403f4a79]: IDLE"}}
[debug] [2024-10-26T03:19:53.798Z] Finishing up request with event=finish {"metadata":{"emulator":{"name":"functions"},"function":{"name":"us-central1-api"},"extension":{},"message":"Finishing up request with event=finish"}}
[debug] [2024-10-26T03:19:53.798Z] Finishing up request with event=close {"metadata":{"emulator":{"name":"functions"},"function":{"name":"us-central1-api"},"extension":{},"message":"Finishing up request with event=close"}}
[debug] [2024-10-26T03:19:53.798Z] [work-queue] {"queuedWork":[],"queueLength":0,"runningWork":[],"workRunningCount":0}
[debug] [2024-10-26T03:19:55.561Z] [work-queue] {"queuedWork":["/clone-2024-d9b68/us-central1/api/payment/create-2024-10-26T03:19:55.561Z"],"queueLength":1,"runningWork":[],"workRunningCount":0}
[debug] [2024-10-26T03:19:55.563Z] [work-queue] {"queuedWork":[],"queueLength":0,"runningWork":["/clone-2024-d9b68/us-central1/api/payment/create-2024-10-26T03:19:55.561Z"],"workRunningCount":1}
[debug] [2024-10-26T03:19:55.563Z] Accepted request POST /clone-2024-d9b68/us-central1/api/payment/create?total=1599 --> us-central1-api
[debug] [2024-10-26T03:19:55.569Z] [functions] Runtime ready! Sending request! {"metadata":{"emulator":{"name":"functions"},"message":"[functions] Runtime ready! Sending request!"}}
[debug] [2024-10-26T03:19:55.570Z] [functions] Got req.url=/clone-2024-d9b68/us-central1/api/payment/create?total=1599, mapping to path=/payment/create?total=1599 {"metadata":{"emulator":{"name":"functions"},"message":"[functions] Got req.url=/clone-2024-d9b68/us-central1/api/payment/create?total=1599, mapping to path=/payment/create?total=1599"}}
[debug] [2024-10-26T03:19:55.570Z] [worker-pool] submitRequest(triggerId=us-central1-api) {"metadata":{"emulator":{"name":"functions"},"message":"[worker-pool] submitRequest(triggerId=us-central1-api)"}}
[info] i  functions: Beginning execution of "us-central1-api" {"metadata":{"emulator":{"name":"functions"},"function":{"name":"us-central1-api"},"extension":{},"message":"Beginning execution of \"us-central1-api\""}}
[debug] [2024-10-26T03:19:55.572Z] [worker-us-central1-api-5a3bbcd7-1436-4bbf-bf7b-306d403f4a79]: BUSY {"metadata":{"emulator":{"name":"functions"},"function":{"name":"us-central1-api"},"extension":{},"message":"[worker-us-central1-api-5a3bbcd7-1436-4bbf-bf7b-306d403f4a79]: BUSY"}}
[debug] [2024-10-26T03:19:56.037Z] Finishing up request with event=pause {"metadata":{"emulator":{"name":"functions"},"function":{"name":"us-central1-api"},"extension":{},"message":"Finishing up request with event=pause"}}
[info] i  functions: Finished "us-central1-api" in 466.6611ms {"metadata":{"emulator":{"name":"functions"},"function":{"name":"us-central1-api"},"extension":{},"message":"Finished \"us-central1-api\" in 466.6611ms"}}
[debug] [2024-10-26T03:19:56.044Z] [worker-us-central1-api-5a3bbcd7-1436-4bbf-bf7b-306d403f4a79]: IDLE {"metadata":{"emulator":{"name":"functions"},"function":{"name":"us-central1-api"},"extension":{},"message":"[worker-us-central1-api-5a3bbcd7-1436-4bbf-bf7b-306d403f4a79]: IDLE"}}
[debug] [2024-10-26T03:19:56.045Z] Finishing up request with event=finish {"metadata":{"emulator":{"name":"functions"},"function":{"name":"us-central1-api"},"extension":{},"message":"Finishing up request with event=finish"}}
[debug] [2024-10-26T03:19:56.045Z] Finishing up request with event=close {"metadata":{"emulator":{"name":"functions"},"function":{"name":"us-central1-api"},"extension":{},"message":"Finishing up request with event=close"}}
[debug] [2024-10-26T03:19:56.046Z] [work-queue] {"queuedWork":[],"queueLength":0,"runningWork":[],"workRunningCount":0}
[debug] [2024-10-26T03:20:34.281Z] [work-queue] {"queuedWork":["/clone-2024-d9b68/us-central1/api/payment/create-2024-10-26T03:20:34.281Z"],"queueLength":1,"runningWork":[],"workRunningCount":0}
[debug] [2024-10-26T03:20:34.283Z] [work-queue] {"queuedWork":[],"queueLength":0,"runningWork":["/clone-2024-d9b68/us-central1/api/payment/create-2024-10-26T03:20:34.281Z"],"workRunningCount":1}
[debug] [2024-10-26T03:20:34.283Z] Accepted request POST /clone-2024-d9b68/us-central1/api/payment/create?total=1599 --> us-central1-api
[debug] [2024-10-26T03:20:34.295Z] [functions] Runtime ready! Sending request! {"metadata":{"emulator":{"name":"functions"},"message":"[functions] Runtime ready! Sending request!"}}
[debug] [2024-10-26T03:20:34.298Z] [functions] Got req.url=/clone-2024-d9b68/us-central1/api/payment/create?total=1599, mapping to path=/payment/create?total=1599 {"metadata":{"emulator":{"name":"functions"},"message":"[functions] Got req.url=/clone-2024-d9b68/us-central1/api/payment/create?total=1599, mapping to path=/payment/create?total=1599"}}
[debug] [2024-10-26T03:20:34.298Z] [worker-pool] submitRequest(triggerId=us-central1-api) {"metadata":{"emulator":{"name":"functions"},"message":"[worker-pool] submitRequest(triggerId=us-central1-api)"}}
[info] i  functions: Beginning execution of "us-central1-api" {"metadata":{"emulator":{"name":"functions"},"function":{"name":"us-central1-api"},"extension":{},"message":"Beginning execution of \"us-central1-api\""}}
[debug] [2024-10-26T03:20:34.305Z] [worker-us-central1-api-5a3bbcd7-1436-4bbf-bf7b-306d403f4a79]: BUSY {"metadata":{"emulator":{"name":"functions"},"function":{"name":"us-central1-api"},"extension":{},"message":"[worker-us-central1-api-5a3bbcd7-1436-4bbf-bf7b-306d403f4a79]: BUSY"}}
[debug] [2024-10-26T03:20:34.843Z] Finishing up request with event=pause {"metadata":{"emulator":{"name":"functions"},"function":{"name":"us-central1-api"},"extension":{},"message":"Finishing up request with event=pause"}}
[info] i  functions: Finished "us-central1-api" in 539.2411ms {"metadata":{"emulator":{"name":"functions"},"function":{"name":"us-central1-api"},"extension":{},"message":"Finished \"us-central1-api\" in 539.2411ms"}}
[debug] [2024-10-26T03:20:34.847Z] [worker-us-central1-api-5a3bbcd7-1436-4bbf-bf7b-306d403f4a79]: IDLE {"metadata":{"emulator":{"name":"functions"},"function":{"name":"us-central1-api"},"extension":{},"message":"[worker-us-central1-api-5a3bbcd7-1436-4bbf-bf7b-306d403f4a79]: IDLE"}}
[debug] [2024-10-26T03:20:34.848Z] Finishing up request with event=finish {"metadata":{"emulator":{"name":"functions"},"function":{"name":"us-central1-api"},"extension":{},"message":"Finishing up request with event=finish"}}
[debug] [2024-10-26T03:20:34.848Z] Finishing up request with event=close {"metadata":{"emulator":{"name":"functions"},"function":{"name":"us-central1-api"},"extension":{},"message":"Finishing up request with event=close"}}
[debug] [2024-10-26T03:20:34.849Z] [work-queue] {"queuedWork":[],"queueLength":0,"runningWork":[],"workRunningCount":0}
[debug] [2024-10-26T03:20:49.608Z] [work-queue] {"queuedWork":["/clone-2024-d9b68/us-central1/api/payment/create-2024-10-26T03:20:49.608Z"],"queueLength":1,"runningWork":[],"workRunningCount":0}
[debug] [2024-10-26T03:20:49.610Z] [work-queue] {"queuedWork":[],"queueLength":0,"runningWork":["/clone-2024-d9b68/us-central1/api/payment/create-2024-10-26T03:20:49.608Z"],"workRunningCount":1}
[debug] [2024-10-26T03:20:49.610Z] Accepted request POST /clone-2024-d9b68/us-central1/api/payment/create?total=1599 --> us-central1-api
[debug] [2024-10-26T03:20:49.620Z] [functions] Runtime ready! Sending request! {"metadata":{"emulator":{"name":"functions"},"message":"[functions] Runtime ready! Sending request!"}}
[debug] [2024-10-26T03:20:49.620Z] [functions] Got req.url=/clone-2024-d9b68/us-central1/api/payment/create?total=1599, mapping to path=/payment/create?total=1599 {"metadata":{"emulator":{"name":"functions"},"message":"[functions] Got req.url=/clone-2024-d9b68/us-central1/api/payment/create?total=1599, mapping to path=/payment/create?total=1599"}}
[debug] [2024-10-26T03:20:49.621Z] [worker-pool] submitRequest(triggerId=us-central1-api) {"metadata":{"emulator":{"name":"functions"},"message":"[worker-pool] submitRequest(triggerId=us-central1-api)"}}
[info] i  functions: Beginning execution of "us-central1-api" {"metadata":{"emulator":{"name":"functions"},"function":{"name":"us-central1-api"},"extension":{},"message":"Beginning execution of \"us-central1-api\""}}
[debug] [2024-10-26T03:20:49.623Z] [worker-us-central1-api-5a3bbcd7-1436-4bbf-bf7b-306d403f4a79]: BUSY {"metadata":{"emulator":{"name":"functions"},"function":{"name":"us-central1-api"},"extension":{},"message":"[worker-us-central1-api-5a3bbcd7-1436-4bbf-bf7b-306d403f4a79]: BUSY"}}
[debug] [2024-10-26T03:20:50.069Z] Finishing up request with event=pause {"metadata":{"emulator":{"name":"functions"},"function":{"name":"us-central1-api"},"extension":{},"message":"Finishing up request with event=pause"}}
[info] i  functions: Finished "us-central1-api" in 447.5781ms {"metadata":{"emulator":{"name":"functions"},"function":{"name":"us-central1-api"},"extension":{},"message":"Finished \"us-central1-api\" in 447.5781ms"}}
[debug] [2024-10-26T03:20:50.075Z] [worker-us-central1-api-5a3bbcd7-1436-4bbf-bf7b-306d403f4a79]: IDLE {"metadata":{"emulator":{"name":"functions"},"function":{"name":"us-central1-api"},"extension":{},"message":"[worker-us-central1-api-5a3bbcd7-1436-4bbf-bf7b-306d403f4a79]: IDLE"}}
[debug] [2024-10-26T03:20:50.076Z] Finishing up request with event=finish {"metadata":{"emulator":{"name":"functions"},"function":{"name":"us-central1-api"},"extension":{},"message":"Finishing up request with event=finish"}}
[debug] [2024-10-26T03:20:50.076Z] Finishing up request with event=close {"metadata":{"emulator":{"name":"functions"},"function":{"name":"us-central1-api"},"extension":{},"message":"Finishing up request with event=close"}}
[debug] [2024-10-26T03:20:50.077Z] [work-queue] {"queuedWork":[],"queueLength":0,"runningWork":[],"workRunningCount":0}
[debug] [2024-10-26T03:26:21.390Z] [work-queue] {"queuedWork":["/clone-2024-d9b68/us-central1/api/payment/create-2024-10-26T03:26:21.390Z"],"queueLength":1,"runningWork":[],"workRunningCount":0}
[debug] [2024-10-26T03:26:21.390Z] [work-queue] {"queuedWork":[],"queueLength":0,"runningWork":["/clone-2024-d9b68/us-central1/api/payment/create-2024-10-26T03:26:21.390Z"],"workRunningCount":1}
[debug] [2024-10-26T03:26:21.391Z] Accepted request POST /clone-2024-d9b68/us-central1/api/payment/create?total=1599 --> us-central1-api
[debug] [2024-10-26T03:26:21.396Z] [functions] Runtime ready! Sending request! {"metadata":{"emulator":{"name":"functions"},"message":"[functions] Runtime ready! Sending request!"}}
[debug] [2024-10-26T03:26:21.397Z] [functions] Got req.url=/clone-2024-d9b68/us-central1/api/payment/create?total=1599, mapping to path=/payment/create?total=1599 {"metadata":{"emulator":{"name":"functions"},"message":"[functions] Got req.url=/clone-2024-d9b68/us-central1/api/payment/create?total=1599, mapping to path=/payment/create?total=1599"}}
[debug] [2024-10-26T03:26:21.397Z] [worker-pool] submitRequest(triggerId=us-central1-api) {"metadata":{"emulator":{"name":"functions"},"message":"[worker-pool] submitRequest(triggerId=us-central1-api)"}}
[info] i  functions: Beginning execution of "us-central1-api" {"metadata":{"emulator":{"name":"functions"},"function":{"name":"us-central1-api"},"extension":{},"message":"Beginning execution of \"us-central1-api\""}}
[debug] [2024-10-26T03:26:21.401Z] [worker-us-central1-api-5a3bbcd7-1436-4bbf-bf7b-306d403f4a79]: BUSY {"metadata":{"emulator":{"name":"functions"},"function":{"name":"us-central1-api"},"extension":{},"message":"[worker-us-central1-api-5a3bbcd7-1436-4bbf-bf7b-306d403f4a79]: BUSY"}}
[debug] [2024-10-26T03:26:22.059Z] [work-queue] {"queuedWork":["/clone-2024-d9b68/us-central1/api/payment/create-2024-10-26T03:26:22.058Z"],"queueLength":1,"runningWork":["/clone-2024-d9b68/us-central1/api/payment/create-2024-10-26T03:26:21.390Z"],"workRunningCount":1}
[debug] [2024-10-26T03:26:22.059Z] [work-queue] {"queuedWork":[],"queueLength":0,"runningWork":["/clone-2024-d9b68/us-central1/api/payment/create-2024-10-26T03:26:21.390Z","/clone-2024-d9b68/us-central1/api/payment/create-2024-10-26T03:26:22.058Z"],"workRunningCount":2}
[debug] [2024-10-26T03:26:22.059Z] Accepted request POST /clone-2024-d9b68/us-central1/api/payment/create?total=1599 --> us-central1-api
[debug] [2024-10-26T03:26:22.062Z] [functions] Runtime ready! Sending request! {"metadata":{"emulator":{"name":"functions"},"message":"[functions] Runtime ready! Sending request!"}}
[debug] [2024-10-26T03:26:22.062Z] [functions] Got req.url=/clone-2024-d9b68/us-central1/api/payment/create?total=1599, mapping to path=/payment/create?total=1599 {"metadata":{"emulator":{"name":"functions"},"message":"[functions] Got req.url=/clone-2024-d9b68/us-central1/api/payment/create?total=1599, mapping to path=/payment/create?total=1599"}}
[info] i  functions: Loaded environment variables from .env. 
[debug] [2024-10-26T03:26:22.094Z] [worker-pool] addWorker(us-central1-api) {"metadata":{"emulator":{"name":"functions"},"message":"[worker-pool] addWorker(us-central1-api)"}}
[debug] [2024-10-26T03:26:22.095Z] [worker-pool] Adding worker with key us-central1-api, total=2 {"metadata":{"emulator":{"name":"functions"},"message":"[worker-pool] Adding worker with key us-central1-api, total=2"}}
[debug] [2024-10-26T03:26:22.258Z] Finishing up request with event=pause {"metadata":{"emulator":{"name":"functions"},"function":{"name":"us-central1-api"},"extension":{},"message":"Finishing up request with event=pause"}}
[info] i  functions: Finished "us-central1-api" in 857.3252ms {"metadata":{"emulator":{"name":"functions"},"function":{"name":"us-central1-api"},"extension":{},"message":"Finished \"us-central1-api\" in 857.3252ms"}}
[debug] [2024-10-26T03:26:22.261Z] [worker-us-central1-api-5a3bbcd7-1436-4bbf-bf7b-306d403f4a79]: IDLE {"metadata":{"emulator":{"name":"functions"},"function":{"name":"us-central1-api"},"extension":{},"message":"[worker-us-central1-api-5a3bbcd7-1436-4bbf-bf7b-306d403f4a79]: IDLE"}}
[debug] [2024-10-26T03:26:22.261Z] Finishing up request with event=finish {"metadata":{"emulator":{"name":"functions"},"function":{"name":"us-central1-api"},"extension":{},"message":"Finishing up request with event=finish"}}
[debug] [2024-10-26T03:26:22.262Z] Finishing up request with event=close {"metadata":{"emulator":{"name":"functions"},"function":{"name":"us-central1-api"},"extension":{},"message":"Finishing up request with event=close"}}
[debug] [2024-10-26T03:26:22.262Z] [work-queue] {"queuedWork":[],"queueLength":0,"runningWork":["/clone-2024-d9b68/us-central1/api/payment/create-2024-10-26T03:26:22.058Z"],"workRunningCount":1}
[debug] [2024-10-26T03:26:29.622Z] [runtime-status] [17160] Resolved module firebase-admin {"declared":true,"installed":true,"version":"12.6.0","resolution":"C:\\Users\\HP\\Desktop\\evangadi\\Phase 4(2)\\Amazon-clne-2024\\amazon-clone\\functions\\node_modules\\firebase-admin\\lib\\index.js"} {"metadata":{"emulator":{"name":"functions"},"function":{"name":"us-central1-api"},"extension":{},"message":"[runtime-status] [17160] Resolved module firebase-admin {\"declared\":true,\"installed\":true,\"version\":\"12.6.0\",\"resolution\":\"C:\\\\Users\\\\HP\\\\Desktop\\\\evangadi\\\\Phase 4(2)\\\\Amazon-clne-2024\\\\amazon-clone\\\\functions\\\\node_modules\\\\firebase-admin\\\\lib\\\\index.js\"}"}}
[debug] [2024-10-26T03:26:29.627Z] [runtime-status] [17160] Resolved module firebase-functions {"declared":true,"installed":true,"version":"6.1.0","resolution":"C:\\Users\\HP\\Desktop\\evangadi\\Phase 4(2)\\Amazon-clne-2024\\amazon-clone\\functions\\node_modules\\firebase-functions\\lib\\v2\\index.js"} {"metadata":{"emulator":{"name":"functions"},"function":{"name":"us-central1-api"},"extension":{},"message":"[runtime-status] [17160] Resolved module firebase-functions {\"declared\":true,\"installed\":true,\"version\":\"6.1.0\",\"resolution\":\"C:\\\\Users\\\\HP\\\\Desktop\\\\evangadi\\\\Phase 4(2)\\\\Amazon-clne-2024\\\\amazon-clone\\\\functions\\\\node_modules\\\\firebase-functions\\\\lib\\\\v2\\\\index.js\"}"}}
[debug] [2024-10-26T03:26:29.628Z] [runtime-status] [17160] Outgoing network have been stubbed. [{"name":"http","status":"mocked"},{"name":"http","status":"mocked"},{"name":"https","status":"mocked"},{"name":"https","status":"mocked"},{"name":"net","status":"mocked"}] {"metadata":{"emulator":{"name":"functions"},"function":{"name":"us-central1-api"},"extension":{},"message":"[runtime-status] [17160] Outgoing network have been stubbed. [{\"name\":\"http\",\"status\":\"mocked\"},{\"name\":\"http\",\"status\":\"mocked\"},{\"name\":\"https\",\"status\":\"mocked\"},{\"name\":\"https\",\"status\":\"mocked\"},{\"name\":\"net\",\"status\":\"mocked\"}]"}}
[debug] [2024-10-26T03:26:29.631Z] [runtime-status] [17160] Resolved module firebase-functions {"declared":true,"installed":true,"version":"6.1.0","resolution":"C:\\Users\\HP\\Desktop\\evangadi\\Phase 4(2)\\Amazon-clne-2024\\amazon-clone\\functions\\node_modules\\firebase-functions\\lib\\v2\\index.js"} {"metadata":{"emulator":{"name":"functions"},"function":{"name":"us-central1-api"},"extension":{},"message":"[runtime-status] [17160] Resolved module firebase-functions {\"declared\":true,\"installed\":true,\"version\":\"6.1.0\",\"resolution\":\"C:\\\\Users\\\\HP\\\\Desktop\\\\evangadi\\\\Phase 4(2)\\\\Amazon-clne-2024\\\\amazon-clone\\\\functions\\\\node_modules\\\\firebase-functions\\\\lib\\\\v2\\\\index.js\"}"}}
[debug] [2024-10-26T03:26:31.194Z] [runtime-status] [17160] Checked functions.config() {"config":{}} {"metadata":{"emulator":{"name":"functions"},"function":{"name":"us-central1-api"},"extension":{},"message":"[runtime-status] [17160] Checked functions.config() {\"config\":{}}"}}
[debug] [2024-10-26T03:26:31.195Z] [runtime-status] [17160] firebase-functions has been stubbed. {"functionsResolution":{"declared":true,"installed":true,"version":"6.1.0","resolution":"C:\\Users\\HP\\Desktop\\evangadi\\Phase 4(2)\\Amazon-clne-2024\\amazon-clone\\functions\\node_modules\\firebase-functions\\lib\\v2\\index.js"}} {"metadata":{"emulator":{"name":"functions"},"function":{"name":"us-central1-api"},"extension":{},"message":"[runtime-status] [17160] firebase-functions has been stubbed. {\"functionsResolution\":{\"declared\":true,\"installed\":true,\"version\":\"6.1.0\",\"resolution\":\"C:\\\\Users\\\\HP\\\\Desktop\\\\evangadi\\\\Phase 4(2)\\\\Amazon-clne-2024\\\\amazon-clone\\\\functions\\\\node_modules\\\\firebase-functions\\\\lib\\\\v2\\\\index.js\"}}"}}
[debug] [2024-10-26T03:26:31.202Z] [runtime-status] [17160] Resolved module firebase-functions {"declared":true,"installed":true,"version":"6.1.0","resolution":"C:\\Users\\HP\\Desktop\\evangadi\\Phase 4(2)\\Amazon-clne-2024\\amazon-clone\\functions\\node_modules\\firebase-functions\\lib\\v2\\index.js"} {"metadata":{"emulator":{"name":"functions"},"function":{"name":"us-central1-api"},"extension":{},"message":"[runtime-status] [17160] Resolved module firebase-functions {\"declared\":true,\"installed\":true,\"version\":\"6.1.0\",\"resolution\":\"C:\\\\Users\\\\HP\\\\Desktop\\\\evangadi\\\\Phase 4(2)\\\\Amazon-clne-2024\\\\amazon-clone\\\\functions\\\\node_modules\\\\firebase-functions\\\\lib\\\\v2\\\\index.js\"}"}}
[debug] [2024-10-26T03:26:31.227Z] [runtime-status] [17160] Resolved module firebase-admin {"declared":true,"installed":true,"version":"12.6.0","resolution":"C:\\Users\\HP\\Desktop\\evangadi\\Phase 4(2)\\Amazon-clne-2024\\amazon-clone\\functions\\node_modules\\firebase-admin\\lib\\index.js"} {"metadata":{"emulator":{"name":"functions"},"function":{"name":"us-central1-api"},"extension":{},"message":"[runtime-status] [17160] Resolved module firebase-admin {\"declared\":true,\"installed\":true,\"version\":\"12.6.0\",\"resolution\":\"C:\\\\Users\\\\HP\\\\Desktop\\\\evangadi\\\\Phase 4(2)\\\\Amazon-clne-2024\\\\amazon-clone\\\\functions\\\\node_modules\\\\firebase-admin\\\\lib\\\\index.js\"}"}}
[debug] [2024-10-26T03:26:31.239Z] [runtime-status] [17160] Resolved module firebase-functions {"declared":true,"installed":true,"version":"6.1.0","resolution":"C:\\Users\\HP\\Desktop\\evangadi\\Phase 4(2)\\Amazon-clne-2024\\amazon-clone\\functions\\node_modules\\firebase-functions\\lib\\v2\\index.js"} {"metadata":{"emulator":{"name":"functions"},"function":{"name":"us-central1-api"},"extension":{},"message":"[runtime-status] [17160] Resolved module firebase-functions {\"declared\":true,\"installed\":true,\"version\":\"6.1.0\",\"resolution\":\"C:\\\\Users\\\\HP\\\\Desktop\\\\evangadi\\\\Phase 4(2)\\\\Amazon-clne-2024\\\\amazon-clone\\\\functions\\\\node_modules\\\\firebase-functions\\\\lib\\\\v2\\\\index.js\"}"}}
[debug] [2024-10-26T03:26:31.240Z] [runtime-status] [17160] firebase-admin has been stubbed. {"adminResolution":{"declared":true,"installed":true,"version":"12.6.0","resolution":"C:\\Users\\HP\\Desktop\\evangadi\\Phase 4(2)\\Amazon-clne-2024\\amazon-clone\\functions\\node_modules\\firebase-admin\\lib\\index.js"}} {"metadata":{"emulator":{"name":"functions"},"function":{"name":"us-central1-api"},"extension":{},"message":"[runtime-status] [17160] firebase-admin has been stubbed. {\"adminResolution\":{\"declared\":true,\"installed\":true,\"version\":\"12.6.0\",\"resolution\":\"C:\\\\Users\\\\HP\\\\Desktop\\\\evangadi\\\\Phase 4(2)\\\\Amazon-clne-2024\\\\amazon-clone\\\\functions\\\\node_modules\\\\firebase-admin\\\\lib\\\\index.js\"}}"}}
[debug] [2024-10-26T03:26:32.425Z] [runtime-status] [17160] Functions runtime initialized. {"cwd":"C:\\Users\\HP\\Desktop\\evangadi\\Phase 4(2)\\Amazon-clne-2024\\amazon-clone\\functions","node_version":"20.16.0"} {"metadata":{"emulator":{"name":"functions"},"function":{"name":"us-central1-api"},"extension":{},"message":"[runtime-status] [17160] Functions runtime initialized. {\"cwd\":\"C:\\\\Users\\\\HP\\\\Desktop\\\\evangadi\\\\Phase 4(2)\\\\Amazon-clne-2024\\\\amazon-clone\\\\functions\",\"node_version\":\"20.16.0\"}"}}
[debug] [2024-10-26T03:26:32.427Z] [runtime-status] [17160] Listening to port: \\?\pipe\fire_emu_c3714048793931c7 {"metadata":{"emulator":{"name":"functions"},"function":{"name":"us-central1-api"},"extension":{},"message":"[runtime-status] [17160] Listening to port: \\\\?\\pipe\\fire_emu_c3714048793931c7"}}
[debug] [2024-10-26T03:26:32.543Z] [worker-us-central1-api-6741c7ea-53bf-474e-a8c4-a33f9927d92a]: IDLE {"metadata":{"emulator":{"name":"functions"},"function":{"name":"us-central1-api"},"extension":{},"message":"[worker-us-central1-api-6741c7ea-53bf-474e-a8c4-a33f9927d92a]: IDLE"}}
[debug] [2024-10-26T03:26:32.543Z] [worker-pool] submitRequest(triggerId=us-central1-api) {"metadata":{"emulator":{"name":"functions"},"message":"[worker-pool] submitRequest(triggerId=us-central1-api)"}}
[info] i  functions: Beginning execution of "us-central1-api" {"metadata":{"emulator":{"name":"functions"},"function":{"name":"us-central1-api"},"extension":{},"message":"Beginning execution of \"us-central1-api\""}}
[debug] [2024-10-26T03:26:32.544Z] [worker-us-central1-api-5a3bbcd7-1436-4bbf-bf7b-306d403f4a79]: BUSY {"metadata":{"emulator":{"name":"functions"},"function":{"name":"us-central1-api"},"extension":{},"message":"[worker-us-central1-api-5a3bbcd7-1436-4bbf-bf7b-306d403f4a79]: BUSY"}}
[debug] [2024-10-26T03:26:32.991Z] Finishing up request with event=pause {"metadata":{"emulator":{"name":"functions"},"function":{"name":"us-central1-api"},"extension":{},"message":"Finishing up request with event=pause"}}
[info] i  functions: Finished "us-central1-api" in 447.362ms {"metadata":{"emulator":{"name":"functions"},"function":{"name":"us-central1-api"},"extension":{},"message":"Finished \"us-central1-api\" in 447.362ms"}}
[debug] [2024-10-26T03:26:32.993Z] [worker-us-central1-api-5a3bbcd7-1436-4bbf-bf7b-306d403f4a79]: IDLE {"metadata":{"emulator":{"name":"functions"},"function":{"name":"us-central1-api"},"extension":{},"message":"[worker-us-central1-api-5a3bbcd7-1436-4bbf-bf7b-306d403f4a79]: IDLE"}}
[debug] [2024-10-26T03:26:32.993Z] Finishing up request with event=finish {"metadata":{"emulator":{"name":"functions"},"function":{"name":"us-central1-api"},"extension":{},"message":"Finishing up request with event=finish"}}
[debug] [2024-10-26T03:26:32.993Z] Finishing up request with event=close {"metadata":{"emulator":{"name":"functions"},"function":{"name":"us-central1-api"},"extension":{},"message":"Finishing up request with event=close"}}
[debug] [2024-10-26T03:26:32.994Z] [work-queue] {"queuedWork":[],"queueLength":0,"runningWork":[],"workRunningCount":0}
[debug] [2024-10-26T03:52:07.989Z] [work-queue] {"queuedWork":["/clone-2024-d9b68/us-central1/api/payment/create-2024-10-26T03:52:07.988Z"],"queueLength":1,"runningWork":[],"workRunningCount":0}
[debug] [2024-10-26T03:52:07.990Z] [work-queue] {"queuedWork":[],"queueLength":0,"runningWork":["/clone-2024-d9b68/us-central1/api/payment/create-2024-10-26T03:52:07.988Z"],"workRunningCount":1}
[debug] [2024-10-26T03:52:07.991Z] Accepted request POST /clone-2024-d9b68/us-central1/api/payment/create?total=1099 --> us-central1-api
[debug] [2024-10-26T03:52:08.001Z] [functions] Runtime ready! Sending request! {"metadata":{"emulator":{"name":"functions"},"message":"[functions] Runtime ready! Sending request!"}}
[debug] [2024-10-26T03:52:08.003Z] [functions] Got req.url=/clone-2024-d9b68/us-central1/api/payment/create?total=1099, mapping to path=/payment/create?total=1099 {"metadata":{"emulator":{"name":"functions"},"message":"[functions] Got req.url=/clone-2024-d9b68/us-central1/api/payment/create?total=1099, mapping to path=/payment/create?total=1099"}}
[debug] [2024-10-26T03:52:08.005Z] [worker-pool] submitRequest(triggerId=us-central1-api) {"metadata":{"emulator":{"name":"functions"},"message":"[worker-pool] submitRequest(triggerId=us-central1-api)"}}
[info] i  functions: Beginning execution of "us-central1-api" {"metadata":{"emulator":{"name":"functions"},"function":{"name":"us-central1-api"},"extension":{},"message":"Beginning execution of \"us-central1-api\""}}
[debug] [2024-10-26T03:52:08.023Z] [worker-us-central1-api-5a3bbcd7-1436-4bbf-bf7b-306d403f4a79]: BUSY {"metadata":{"emulator":{"name":"functions"},"function":{"name":"us-central1-api"},"extension":{},"message":"[worker-us-central1-api-5a3bbcd7-1436-4bbf-bf7b-306d403f4a79]: BUSY"}}
[debug] [2024-10-26T03:52:17.174Z] Finishing up request with event=pause {"metadata":{"emulator":{"name":"functions"},"function":{"name":"us-central1-api"},"extension":{},"message":"Finishing up request with event=pause"}}
[info] i  functions: Finished "us-central1-api" in 9153.0708ms {"metadata":{"emulator":{"name":"functions"},"function":{"name":"us-central1-api"},"extension":{},"message":"Finished \"us-central1-api\" in 9153.0708ms"}}
[debug] [2024-10-26T03:52:17.178Z] [worker-us-central1-api-5a3bbcd7-1436-4bbf-bf7b-306d403f4a79]: IDLE {"metadata":{"emulator":{"name":"functions"},"function":{"name":"us-central1-api"},"extension":{},"message":"[worker-us-central1-api-5a3bbcd7-1436-4bbf-bf7b-306d403f4a79]: IDLE"}}
[debug] [2024-10-26T03:52:17.178Z] Finishing up request with event=finish {"metadata":{"emulator":{"name":"functions"},"function":{"name":"us-central1-api"},"extension":{},"message":"Finishing up request with event=finish"}}
[debug] [2024-10-26T03:52:17.179Z] Finishing up request with event=close {"metadata":{"emulator":{"name":"functions"},"function":{"name":"us-central1-api"},"extension":{},"message":"Finishing up request with event=close"}}
[debug] [2024-10-26T03:52:17.179Z] [work-queue] {"queuedWork":[],"queueLength":0,"runningWork":[],"workRunningCount":0}
